#-----------------------------------------------------------
# Vivado v2020.2 (64-bit)
# SW Build 3064766 on Wed Nov 18 09:12:45 MST 2020
# IP Build 3064653 on Wed Nov 18 14:17:31 MST 2020
# Start of session at: Sat Mar 26 14:05:10 2022
# Process ID: 4708
# Current directory: C:/Users/Alex/Desktop/ReactionTest_V1.0
# Command line: vivado.exe -gui_launcher_event rodinguilauncherevent2488 C:\Users\Alex\Desktop\ReactionTest_V1.0\ReactionTest.xpr
# Log file: C:/Users/Alex/Desktop/ReactionTest_V1.0/vivado.log
# Journal file: C:/Users/Alex/Desktop/ReactionTest_V1.0\vivado.jou
#-----------------------------------------------------------
start_gui
open_project C:/Users/Alex/Desktop/ReactionTest_V1.0/ReactionTest.xpr
INFO: [Project 1-313] Project file moved from 'C:/Users/Alex/Desktop/Programs/FPGA_projects/ReactionTest_V1.0' since last save.
WARNING: [filemgmt 56-2] Default IP Output Path : Could not find the directory 'C:/Users/Alex/Desktop/ReactionTest_V1.0/ReactionTest.gen/sources_1', nor could it be found using path 'C:/Users/Alex/Desktop/Programs/FPGA_projects/ReactionTest_V1.0/ReactionTest_V1.0.gen/sources_1'.
WARNING: [Project 1-312] File not found as 'C:/Users/Alex/Desktop/Reaction_Test/ReactionTestTb_behav.wcfg'; using path 'C:/Users/Alex/Desktop/Programs/FPGA_projects/Reaction_Test/ReactionTestTb_behav.wcfg' instead.
Scanning sources...
Finished scanning sources
INFO: [IP_Flow 19-234] Refreshing IP repositories
INFO: [IP_Flow 19-1704] No user IP repositories specified
INFO: [IP_Flow 19-2313] Loaded Vivado IP repository 'C:/Xilinx/Vivado/2020.2/data/ip'.
open_project: Time (s): cpu = 00:00:18 ; elapsed = 00:00:07 . Memory (MB): peak = 1017.059 ; gain = 0.000
update_compile_order -fileset sources_1
exit
INFO: [Common 17-206] Exiting Vivado at Sat Mar 26 14:05:47 2022...
